<?xml version="1.0" encoding="UTF-8"?>
<robot generator="Robot 3.2.2 (Python 3.9.2 on win32)" generated="20210412 17:27:58.733" rpa="false">
<suite id="s1" name="Front Office" source="C:\development\robot-scripts\pythonProject\y42\tests\Front_Office.robot">
<test id="s1-t1" name="Testing of the stripe integration">
<kw name="Begin Web Test" library="CommonWeb" type="setup">
<kw name="Open Browser" library="SeleniumLibrary">
<doc>Opens a new browser instance to the optional ``url``.</doc>
<arguments>
<arg>about:blank</arg>
<arg>${BROWSER}</arg>
</arguments>
<msg timestamp="20210412 17:27:59.020" level="INFO">Opening browser 'chrome' to base url 'about:blank'.</msg>
<status status="PASS" starttime="20210412 17:27:59.020" endtime="20210412 17:28:00.595"></status>
</kw>
<kw name="Maximize Browser Window" library="SeleniumLibrary">
<doc>Maximizes current browser window.</doc>
<status status="PASS" starttime="20210412 17:28:00.595" endtime="20210412 17:28:00.767"></status>
</kw>
<status status="PASS" starttime="20210412 17:27:59.020" endtime="20210412 17:28:00.768"></status>
</kw>
<kw name="Go to Landing Page" library="FrontOfficeApp">
<kw name="Navigate To" library="Landing">
<kw name="Go To" library="SeleniumLibrary">
<doc>Navigates the current browser window to the provided ``url``.</doc>
<arguments>
<arg>${URL}</arg>
</arguments>
<msg timestamp="20210412 17:28:00.780" level="INFO">Opening url 'https://app.datos-d.com/organization/all-integrations-test/integrations/list'</msg>
<status status="PASS" starttime="20210412 17:28:00.777" endtime="20210412 17:28:04.682"></status>
</kw>
<status status="PASS" starttime="20210412 17:28:00.774" endtime="20210412 17:28:04.682"></status>
</kw>
<kw name="Verify Page Loaded" library="Landing">
<kw name="Wait Until Page Contains" library="SeleniumLibrary">
<doc>Waits until ``text`` appears on the current page.</doc>
<arguments>
<arg>${log_in_with_google}</arg>
</arguments>
<status status="PASS" starttime="20210412 17:28:04.683" endtime="20210412 17:28:08.717"></status>
</kw>
<status status="PASS" starttime="20210412 17:28:04.683" endtime="20210412 17:28:08.717"></status>
</kw>
<status status="PASS" starttime="20210412 17:28:00.771" endtime="20210412 17:28:08.717"></status>
</kw>
<kw name="Begin Login" library="FrontOfficeApp">
<kw name="Enter Log In data" library="Login">
<kw name="Enter email" library="Login">
<kw name="Input Text" library="SeleniumLibrary">
<doc>Types the given ``text`` into the text field identified by ``locator``.</doc>
<arguments>
<arg>id=mat-input-0</arg>
<arg>maciri2464@wpsavy.com</arg>
</arguments>
<msg timestamp="20210412 17:28:08.723" level="INFO">Typing text 'maciri2464@wpsavy.com' into text field 'id=mat-input-0'.</msg>
<status status="PASS" starttime="20210412 17:28:08.722" endtime="20210412 17:28:08.979"></status>
</kw>
<status status="PASS" starttime="20210412 17:28:08.720" endtime="20210412 17:28:08.980"></status>
</kw>
<kw name="Enter password" library="Login">
<kw name="Input Text" library="SeleniumLibrary">
<doc>Types the given ``text`` into the text field identified by ``locator``.</doc>
<arguments>
<arg>id=mat-input-1</arg>
<arg>91Ferrari81!</arg>
</arguments>
<msg timestamp="20210412 17:28:08.981" level="INFO">Typing text '91Ferrari81!' into text field 'id=mat-input-1'.</msg>
<status status="PASS" starttime="20210412 17:28:08.980" endtime="20210412 17:28:09.139"></status>
</kw>
<status status="PASS" starttime="20210412 17:28:08.980" endtime="20210412 17:28:09.140"></status>
</kw>
<kw name="Submit" library="Login">
<kw name="Click Button" library="SeleniumLibrary">
<doc>Clicks the button identified by ``locator``.</doc>
<arguments>
<arg>xpath=//*[@id="smart-btn"]</arg>
</arguments>
<msg timestamp="20210412 17:28:09.141" level="INFO">Clicking button 'xpath=//*[@id="smart-btn"]'.</msg>
<status status="PASS" starttime="20210412 17:28:09.140" endtime="20210412 17:28:09.236"></status>
</kw>
<status status="PASS" starttime="20210412 17:28:09.140" endtime="20210412 17:28:09.237"></status>
</kw>
<status status="PASS" starttime="20210412 17:28:08.719" endtime="20210412 17:28:09.237"></status>
</kw>
<status status="PASS" starttime="20210412 17:28:08.718" endtime="20210412 17:28:09.238"></status>
</kw>
<kw name="Sleep" library="BuiltIn">
<doc>Pauses the test executed for the given time.</doc>
<arguments>
<arg>20s</arg>
</arguments>
<msg timestamp="20210412 17:28:29.241" level="INFO">Slept 20 seconds</msg>
<status status="PASS" starttime="20210412 17:28:09.238" endtime="20210412 17:28:29.241"></status>
</kw>
<kw name="Enter to the integration" library="FrontOfficeApp">
<kw name="Verify Page Loaded" library="IntegrationTest">
<kw name="Wait Until Page Contains" library="SeleniumLibrary">
<doc>Waits until ``text`` appears on the current page.</doc>
<arguments>
<arg>${Integration_NAVIGATION_ELEMENT}</arg>
</arguments>
<status status="PASS" starttime="20210412 17:28:29.245" endtime="20210412 17:28:29.289"></status>
</kw>
<kw name="Sleep" library="BuiltIn">
<doc>Pauses the test executed for the given time.</doc>
<arguments>
<arg>5s</arg>
</arguments>
<msg timestamp="20210412 17:28:34.291" level="INFO">Slept 5 seconds</msg>
<status status="PASS" starttime="20210412 17:28:29.289" endtime="20210412 17:28:34.292"></status>
</kw>
<status status="PASS" starttime="20210412 17:28:29.244" endtime="20210412 17:28:34.292"></status>
</kw>
<kw name="Select integration" library="IntegrationTest">
<kw name="Input Text" library="SeleniumLibrary">
<doc>Types the given ``text`` into the text field identified by ``locator``.</doc>
<arguments>
<arg>id=searchInput</arg>
<arg>${name_integration}</arg>
</arguments>
<msg timestamp="20210412 17:28:34.295" level="INFO">Typing text 'Hubspot' into text field 'id=searchInput'.</msg>
<status status="PASS" starttime="20210412 17:28:34.294" endtime="20210412 17:28:35.071"></status>
</kw>
<kw name="Click Element" library="SeleniumLibrary">
<doc>Click the element identified by ``locator``.</doc>
<arguments>
<arg>//*[contains(text(), "${name_integration}")]</arg>
</arguments>
<msg timestamp="20210412 17:28:35.072" level="INFO">Clicking element '//*[contains(text(), "Hubspot")]'.</msg>
<status status="PASS" starttime="20210412 17:28:35.072" endtime="20210412 17:28:35.371"></status>
</kw>
<kw name="Sleep" library="BuiltIn">
<doc>Pauses the test executed for the given time.</doc>
<arguments>
<arg>15s</arg>
</arguments>
<msg timestamp="20210412 17:28:50.384" level="INFO">Slept 15 seconds</msg>
<status status="PASS" starttime="20210412 17:28:35.372" endtime="20210412 17:28:50.384"></status>
</kw>
<status status="PASS" starttime="20210412 17:28:34.293" endtime="20210412 17:28:50.385"></status>
</kw>
<status status="PASS" starttime="20210412 17:28:29.243" endtime="20210412 17:28:50.385"></status>
</kw>
<kw name="Get generic table data" library="FrontOfficeApp">
<kw name="Get total tables statistics and validate" library="IntegrationTest">
<kw name="Get Element Count" library="SeleniumLibrary">
<doc>Returns the number of elements matching ``locator``.</doc>
<arguments>
<arg>${log_button_locator}</arg>
</arguments>
<assign>
<var>${total_tables}</var>
</assign>
<msg timestamp="20210412 17:28:50.410" level="INFO">${total_tables} = 0</msg>
<status status="PASS" starttime="20210412 17:28:50.389" endtime="20210412 17:28:50.410"></status>
</kw>
<status status="PASS" starttime="20210412 17:28:50.388" endtime="20210412 17:28:50.410"></status>
</kw>
<status status="PASS" starttime="20210412 17:28:50.387" endtime="20210412 17:28:50.410"></status>
</kw>
<kw name="Loop inside logs button" library="FrontOfficeApp">
<kw name="Enter each logs button" library="IntegrationTest">
<kw name="Get WebElements" library="SeleniumLibrary">
<doc>Returns a list of WebElement objects matching the ``locator``.</doc>
<arguments>
<arg>${log_button_locator}</arg>
</arguments>
<assign>
<var>@{Log_buttons}</var>
</assign>
<msg timestamp="20210412 17:28:50.420" level="INFO">@{Log_buttons} = [ ]</msg>
<status status="PASS" starttime="20210412 17:28:50.411" endtime="20210412 17:28:50.420"></status>
</kw>
<kw name="${log_button} IN [ @{Log_buttons} ]" type="for">
<status status="PASS" starttime="20210412 17:28:50.420" endtime="20210412 17:28:50.420"></status>
</kw>
<status status="PASS" starttime="20210412 17:28:50.411" endtime="20210412 17:28:50.421"></status>
</kw>
<status status="PASS" starttime="20210412 17:28:50.410" endtime="20210412 17:28:50.421"></status>
</kw>
<kw name="Sleep" library="BuiltIn">
<doc>Pauses the test executed for the given time.</doc>
<arguments>
<arg>5s</arg>
</arguments>
<msg timestamp="20210412 17:28:55.437" level="INFO">Slept 5 seconds</msg>
<status status="PASS" starttime="20210412 17:28:50.421" endtime="20210412 17:28:55.437"></status>
</kw>
<kw name="End Web Test" library="CommonWeb" type="teardown">
<kw name="Close All Browsers" library="SeleniumLibrary">
<doc>Closes all open browsers and resets the browser cache.</doc>
<status status="PASS" starttime="20210412 17:28:55.439" endtime="20210412 17:28:57.880"></status>
</kw>
<status status="PASS" starttime="20210412 17:28:55.438" endtime="20210412 17:28:57.880"></status>
</kw>
<doc>This is test 1</doc>
<tags>
<tag>test1</tag>
</tags>
<status status="PASS" starttime="20210412 17:27:59.019" endtime="20210412 17:28:57.882" critical="yes"></status>
</test>
<test id="s1-t2" name=" #">
<doc>This is test 2</doc>
<status status="FAIL" starttime="20210412 17:28:57.886" endtime="20210412 17:28:57.887" critical="yes">Test case contains no keywords.</status>
</test>
<doc>Testing the Integrations</doc>
<status status="FAIL" starttime="20210412 17:27:58.735" endtime="20210412 17:28:57.889"></status>
</suite>
<statistics>
<total>
<stat pass="1" fail="1">Critical Tests</stat>
<stat pass="1" fail="1">All Tests</stat>
</total>
<tag>
<stat pass="1" fail="0">test1</stat>
</tag>
<suite>
<stat pass="1" fail="1" id="s1" name="Front Office">Front Office</stat>
</suite>
</statistics>
<errors>
</errors>
</robot>
