<?xml version="1.0" encoding="UTF-8"?>
<robot generator="Robot 3.2.2 (Python 3.9.2 on win32)" generated="20210507 18:39:14.157" rpa="false">
<suite id="s1" name="Front Office" source="C:\development\robot-scripts\pythonProject\y42 - CRUD test Member\tests\Front_Office.robot">
<test id="s1-t1" name="Testing of the Taboola integration">
<kw name="Begin Web Test" library="CommonWeb" type="setup">
<kw name="Open Browser" library="SeleniumLibrary">
<doc>Opens a new browser instance to the optional ``url``.</doc>
<arguments>
<arg>about:blank</arg>
<arg>${BROWSER}</arg>
</arguments>
<msg timestamp="20210507 18:39:14.431" level="INFO">Opening browser 'firefox' to base url 'about:blank'.</msg>
<msg timestamp="20210507 18:39:14.433" level="INFO">Firefox driver log is always forced to to: C:\development\robot-scripts\pythonProject\y42 - CRUD test Member\results\geckodriver-66.log</msg>
<status status="PASS" starttime="20210507 18:39:14.430" endtime="20210507 18:39:21.280"></status>
</kw>
<kw name="Maximize Browser Window" library="SeleniumLibrary">
<doc>Maximizes current browser window.</doc>
<status status="PASS" starttime="20210507 18:39:21.281" endtime="20210507 18:39:21.285"></status>
</kw>
<status status="PASS" starttime="20210507 18:39:14.430" endtime="20210507 18:39:21.285"></status>
</kw>
<kw name="Set Variable" library="BuiltIn">
<doc>Returns the given values which can then be assigned to a variables.</doc>
<arguments>
<arg>Typeform</arg>
</arguments>
<assign>
<var>${Integration_name}</var>
</assign>
<msg timestamp="20210507 18:39:21.286" level="INFO">${Integration_name} = Typeform</msg>
<status status="PASS" starttime="20210507 18:39:21.285" endtime="20210507 18:39:21.286"></status>
</kw>
<kw name="Go to Landing Page" library="FrontOfficeApp">
<kw name="Navigate To" library="Landing">
<kw name="Go To" library="SeleniumLibrary">
<doc>Navigates the current browser window to the provided ``url``.</doc>
<arguments>
<arg>${URL}</arg>
</arguments>
<msg timestamp="20210507 18:39:21.287" level="INFO">Opening url 'https://app.datos-d.com/organization/testingcorp1/integrations/list'</msg>
<status status="PASS" starttime="20210507 18:39:21.287" endtime="20210507 18:39:24.487"></status>
</kw>
<status status="PASS" starttime="20210507 18:39:21.286" endtime="20210507 18:39:24.487"></status>
</kw>
<kw name="Verify Page Loaded" library="Landing">
<kw name="Wait Until Page Contains" library="SeleniumLibrary">
<doc>Waits until ``text`` appears on the current page.</doc>
<arguments>
<arg>${log_in_with_google}</arg>
</arguments>
<status status="PASS" starttime="20210507 18:39:24.488" endtime="20210507 18:39:26.520"></status>
</kw>
<status status="PASS" starttime="20210507 18:39:24.488" endtime="20210507 18:39:26.520"></status>
</kw>
<status status="PASS" starttime="20210507 18:39:21.286" endtime="20210507 18:39:26.520"></status>
</kw>
<kw name="Begin Login" library="FrontOfficeApp">
<kw name="Enter Log In data" library="Login">
<kw name="Enter email" library="Login">
<kw name="Sleep" library="BuiltIn">
<doc>Pauses the test executed for the given time.</doc>
<arguments>
<arg>5S</arg>
</arguments>
<msg timestamp="20210507 18:39:31.537" level="INFO">Slept 5 seconds</msg>
<status status="PASS" starttime="20210507 18:39:26.521" endtime="20210507 18:39:31.538"></status>
</kw>
<kw name="Input Text" library="SeleniumLibrary">
<doc>Types the given ``text`` into the text field identified by ``locator``.</doc>
<arguments>
<arg>id=mat-input-0</arg>
<arg>maciri2464@wpsavy.com</arg>
</arguments>
<msg timestamp="20210507 18:39:31.539" level="INFO">Typing text 'maciri2464@wpsavy.com' into text field 'id=mat-input-0'.</msg>
<status status="PASS" starttime="20210507 18:39:31.538" endtime="20210507 18:39:31.614"></status>
</kw>
<status status="PASS" starttime="20210507 18:39:26.521" endtime="20210507 18:39:31.615"></status>
</kw>
<kw name="Enter password" library="Login">
<kw name="Input Text" library="SeleniumLibrary">
<doc>Types the given ``text`` into the text field identified by ``locator``.</doc>
<arguments>
<arg>id=mat-input-1</arg>
<arg>91Ferrari81!</arg>
</arguments>
<msg timestamp="20210507 18:39:31.616" level="INFO">Typing text '91Ferrari81!' into text field 'id=mat-input-1'.</msg>
<status status="PASS" starttime="20210507 18:39:31.616" endtime="20210507 18:39:31.659"></status>
</kw>
<status status="PASS" starttime="20210507 18:39:31.615" endtime="20210507 18:39:31.659"></status>
</kw>
<kw name="Submit" library="Login">
<kw name="Click Button" library="SeleniumLibrary">
<doc>Clicks the button identified by ``locator``.</doc>
<arguments>
<arg>xpath=//*[@id="smart-btn"]</arg>
</arguments>
<msg timestamp="20210507 18:39:31.661" level="INFO">Clicking button 'xpath=//*[@id="smart-btn"]'.</msg>
<status status="PASS" starttime="20210507 18:39:31.660" endtime="20210507 18:39:31.916"></status>
</kw>
<status status="PASS" starttime="20210507 18:39:31.660" endtime="20210507 18:39:31.917"></status>
</kw>
<status status="PASS" starttime="20210507 18:39:26.521" endtime="20210507 18:39:31.918"></status>
</kw>
<status status="PASS" starttime="20210507 18:39:26.520" endtime="20210507 18:39:31.918"></status>
</kw>
<kw name="Sleep" library="BuiltIn">
<doc>Pauses the test executed for the given time.</doc>
<arguments>
<arg>20s</arg>
</arguments>
<msg timestamp="20210507 18:39:51.933" level="INFO">Slept 20 seconds</msg>
<status status="PASS" starttime="20210507 18:39:31.919" endtime="20210507 18:39:51.934"></status>
</kw>
<kw name="Crud test of integrations" library="FrontOfficeApp">
<arguments>
<arg>${Integration_name}</arg>
</arguments>
<kw name="Verify Page Loaded" library="IntegrationCRUD">
<kw name="Wait Until Page Contains" library="SeleniumLibrary">
<doc>Waits until ``text`` appears on the current page.</doc>
<arguments>
<arg>${Integration_NAVIGATION_ELEMENT}</arg>
</arguments>
<status status="PASS" starttime="20210507 18:39:51.938" endtime="20210507 18:39:51.951"></status>
</kw>
<kw name="Sleep" library="BuiltIn">
<doc>Pauses the test executed for the given time.</doc>
<arguments>
<arg>5s</arg>
</arguments>
<msg timestamp="20210507 18:39:56.963" level="INFO">Slept 5 seconds</msg>
<status status="PASS" starttime="20210507 18:39:51.951" endtime="20210507 18:39:56.963"></status>
</kw>
<status status="PASS" starttime="20210507 18:39:51.937" endtime="20210507 18:39:56.964"></status>
</kw>
<kw name="Create integration" library="IntegrationCRUD">
<arguments>
<arg>${Integration_name}</arg>
</arguments>
<kw name="Click Button" library="SeleniumLibrary">
<doc>Clicks the button identified by ``locator``.</doc>
<arguments>
<arg>${Add_integration}</arg>
</arguments>
<msg timestamp="20210507 18:39:56.966" level="INFO">Clicking button '//button[contains(@class, "mat-focus-indicator generic-add-button mat-raised-button mat-button-base mat-primary ng-star-inserted")]'.</msg>
<kw name="Capture Page Screenshot" library="SeleniumLibrary">
<doc>Takes a screenshot of the current page and embeds it into a log file.</doc>
<msg timestamp="20210507 18:39:57.080" level="INFO" html="yes">&lt;/td&gt;&lt;/tr&gt;&lt;tr&gt;&lt;td colspan="3"&gt;&lt;a href="selenium-screenshot-183.png"&gt;&lt;img src="selenium-screenshot-183.png" width="800px"&gt;&lt;/a&gt;</msg>
<status status="PASS" starttime="20210507 18:39:56.974" endtime="20210507 18:39:57.080"></status>
</kw>
<msg timestamp="20210507 18:39:57.088" level="FAIL">Button with locator '//button[contains(@class, "mat-focus-indicator generic-add-button mat-raised-button mat-button-base mat-primary ng-star-inserted")]' not found.</msg>
<status status="FAIL" starttime="20210507 18:39:56.965" endtime="20210507 18:39:57.088"></status>
</kw>
<status status="FAIL" starttime="20210507 18:39:56.965" endtime="20210507 18:39:57.088"></status>
</kw>
<status status="FAIL" starttime="20210507 18:39:51.935" endtime="20210507 18:39:57.088"></status>
</kw>
<kw name="End Web Test" library="CommonWeb" type="teardown">
<kw name="Close All Browsers" library="SeleniumLibrary">
<doc>Closes all open browsers and resets the browser cache.</doc>
<status status="PASS" starttime="20210507 18:39:57.090" endtime="20210507 18:39:58.399"></status>
</kw>
<status status="PASS" starttime="20210507 18:39:57.089" endtime="20210507 18:39:58.400"></status>
</kw>
<doc>CRUD TEST OWNER</doc>
<tags>
<tag>test1</tag>
</tags>
<status status="FAIL" starttime="20210507 18:39:14.429" endtime="20210507 18:39:58.400" critical="yes">Button with locator '//button[contains(@class, "mat-focus-indicator generic-add-button mat-raised-button mat-button-base mat-primary ng-star-inserted")]' not found.</status>
</test>
<doc>Testing the Integrations</doc>
<status status="FAIL" starttime="20210507 18:39:14.159" endtime="20210507 18:39:58.401"></status>
</suite>
<statistics>
<total>
<stat pass="0" fail="1">Critical Tests</stat>
<stat pass="0" fail="1">All Tests</stat>
</total>
<tag>
<stat pass="0" fail="1">test1</stat>
</tag>
<suite>
<stat pass="0" fail="1" id="s1" name="Front Office">Front Office</stat>
</suite>
</statistics>
<errors>
</errors>
</robot>
