<?xml version="1.0" encoding="UTF-8"?>
<robot generator="Robot 3.2.2 (Python 3.9.2 on win32)" generated="20210416 14:33:43.585" rpa="false">
<suite id="s1" name="Front Office" source="C:\development\robot-scripts\pythonProject\y42\tests\Front_Office.robot">
<test id="s1-t1" name="Testing of the stripe integration">
<kw name="Begin Web Test" library="CommonWeb" type="setup">
<kw name="Open Browser" library="SeleniumLibrary">
<doc>Opens a new browser instance to the optional ``url``.</doc>
<arguments>
<arg>about:blank</arg>
<arg>${BROWSER}</arg>
</arguments>
<msg timestamp="20210416 14:33:44.235" level="INFO">Opening browser 'chrome' to base url 'about:blank'.</msg>
<status status="PASS" starttime="20210416 14:33:44.234" endtime="20210416 14:33:45.822"></status>
</kw>
<kw name="Maximize Browser Window" library="SeleniumLibrary">
<doc>Maximizes current browser window.</doc>
<status status="PASS" starttime="20210416 14:33:45.822" endtime="20210416 14:33:46.072"></status>
</kw>
<status status="PASS" starttime="20210416 14:33:44.233" endtime="20210416 14:33:46.074"></status>
</kw>
<kw name="Go to Landing Page" library="FrontOfficeApp">
<kw name="Navigate To" library="Landing">
<kw name="Go To" library="SeleniumLibrary">
<doc>Navigates the current browser window to the provided ``url``.</doc>
<arguments>
<arg>${URL}</arg>
</arguments>
<msg timestamp="20210416 14:33:46.088" level="INFO">Opening url 'https://app.datos-d.com/organization/all-integrations-test/integrations/list'</msg>
<status status="PASS" starttime="20210416 14:33:46.085" endtime="20210416 14:33:55.151"></status>
</kw>
<status status="PASS" starttime="20210416 14:33:46.080" endtime="20210416 14:33:55.151"></status>
</kw>
<kw name="Verify Page Loaded" library="Landing">
<kw name="Wait Until Page Contains" library="SeleniumLibrary">
<doc>Waits until ``text`` appears on the current page.</doc>
<arguments>
<arg>${log_in_with_google}</arg>
</arguments>
<status status="PASS" starttime="20210416 14:33:55.152" endtime="20210416 14:33:55.181"></status>
</kw>
<status status="PASS" starttime="20210416 14:33:55.152" endtime="20210416 14:33:55.184"></status>
</kw>
<status status="PASS" starttime="20210416 14:33:46.079" endtime="20210416 14:33:55.185"></status>
</kw>
<kw name="Begin Login" library="FrontOfficeApp">
<kw name="Enter Log In data" library="Login">
<kw name="Enter email" library="Login">
<kw name="Input Text" library="SeleniumLibrary">
<doc>Types the given ``text`` into the text field identified by ``locator``.</doc>
<arguments>
<arg>id=mat-input-0</arg>
<arg>maciri2464@wpsavy.com</arg>
</arguments>
<msg timestamp="20210416 14:33:55.189" level="INFO">Typing text 'maciri2464@wpsavy.com' into text field 'id=mat-input-0'.</msg>
<status status="PASS" starttime="20210416 14:33:55.189" endtime="20210416 14:33:55.481"></status>
</kw>
<status status="PASS" starttime="20210416 14:33:55.189" endtime="20210416 14:33:55.481"></status>
</kw>
<kw name="Enter password" library="Login">
<kw name="Input Text" library="SeleniumLibrary">
<doc>Types the given ``text`` into the text field identified by ``locator``.</doc>
<arguments>
<arg>id=mat-input-1</arg>
<arg>91Ferrari81!</arg>
</arguments>
<msg timestamp="20210416 14:33:55.482" level="INFO">Typing text '91Ferrari81!' into text field 'id=mat-input-1'.</msg>
<status status="PASS" starttime="20210416 14:33:55.482" endtime="20210416 14:33:55.679"></status>
</kw>
<status status="PASS" starttime="20210416 14:33:55.481" endtime="20210416 14:33:55.679"></status>
</kw>
<kw name="Submit" library="Login">
<kw name="Click Button" library="SeleniumLibrary">
<doc>Clicks the button identified by ``locator``.</doc>
<arguments>
<arg>xpath=//*[@id="smart-btn"]</arg>
</arguments>
<msg timestamp="20210416 14:33:55.680" level="INFO">Clicking button 'xpath=//*[@id="smart-btn"]'.</msg>
<status status="PASS" starttime="20210416 14:33:55.680" endtime="20210416 14:33:55.806"></status>
</kw>
<status status="PASS" starttime="20210416 14:33:55.679" endtime="20210416 14:33:55.806"></status>
</kw>
<status status="PASS" starttime="20210416 14:33:55.188" endtime="20210416 14:33:55.806"></status>
</kw>
<status status="PASS" starttime="20210416 14:33:55.187" endtime="20210416 14:33:55.807"></status>
</kw>
<kw name="Sleep" library="BuiltIn">
<doc>Pauses the test executed for the given time.</doc>
<arguments>
<arg>20s</arg>
</arguments>
<msg timestamp="20210416 14:34:15.814" level="INFO">Slept 20 seconds</msg>
<status status="PASS" starttime="20210416 14:33:55.807" endtime="20210416 14:34:15.814"></status>
</kw>
<kw name="Enter to the integration" library="FrontOfficeApp">
<kw name="Verify Page Loaded" library="IntegrationTest">
<kw name="Wait Until Page Contains" library="SeleniumLibrary">
<doc>Waits until ``text`` appears on the current page.</doc>
<arguments>
<arg>${Integration_NAVIGATION_ELEMENT}</arg>
</arguments>
<status status="PASS" starttime="20210416 14:34:15.817" endtime="20210416 14:34:15.860"></status>
</kw>
<kw name="Sleep" library="BuiltIn">
<doc>Pauses the test executed for the given time.</doc>
<arguments>
<arg>5s</arg>
</arguments>
<msg timestamp="20210416 14:34:20.863" level="INFO">Slept 5 seconds</msg>
<status status="PASS" starttime="20210416 14:34:15.860" endtime="20210416 14:34:20.863"></status>
</kw>
<status status="PASS" starttime="20210416 14:34:15.816" endtime="20210416 14:34:20.863"></status>
</kw>
<kw name="Select integration" library="IntegrationTest">
<kw name="Input Text" library="SeleniumLibrary">
<doc>Types the given ``text`` into the text field identified by ``locator``.</doc>
<arguments>
<arg>id=searchInput</arg>
<arg>Hubspot</arg>
</arguments>
<msg timestamp="20210416 14:34:20.864" level="INFO">Typing text 'Hubspot' into text field 'id=searchInput'.</msg>
<status status="PASS" starttime="20210416 14:34:20.864" endtime="20210416 14:34:21.984"></status>
</kw>
<kw name="Mouse Over" library="SeleniumLibrary">
<doc>Simulates hovering the mouse over the element ``locator``.</doc>
<arguments>
<arg>//*[contains(text(), "Hubspot")]</arg>
</arguments>
<msg timestamp="20210416 14:34:21.985" level="INFO">Simulating Mouse Over on element '//*[contains(text(), "Hubspot")]'.</msg>
<status status="PASS" starttime="20210416 14:34:21.984" endtime="20210416 14:34:22.529"></status>
</kw>
<kw name="Sleep" library="BuiltIn">
<doc>Pauses the test executed for the given time.</doc>
<arguments>
<arg>10s</arg>
</arguments>
<msg timestamp="20210416 14:34:32.533" level="INFO">Slept 10 seconds</msg>
<status status="PASS" starttime="20210416 14:34:22.530" endtime="20210416 14:34:32.533"></status>
</kw>
<kw name="Click Element" library="SeleniumLibrary">
<doc>Click the element identified by ``locator``.</doc>
<arguments>
<arg>//*[contains(text(), "Hubspot")]</arg>
</arguments>
<msg timestamp="20210416 14:34:32.534" level="INFO">Clicking element '//*[contains(text(), "Hubspot")]'.</msg>
<status status="PASS" starttime="20210416 14:34:32.533" endtime="20210416 14:34:32.665"></status>
</kw>
<kw name="Sleep" library="BuiltIn">
<doc>Pauses the test executed for the given time.</doc>
<arguments>
<arg>15s</arg>
</arguments>
<msg timestamp="20210416 14:34:47.676" level="INFO">Slept 15 seconds</msg>
<status status="PASS" starttime="20210416 14:34:32.665" endtime="20210416 14:34:47.676"></status>
</kw>
<status status="PASS" starttime="20210416 14:34:20.864" endtime="20210416 14:34:47.676"></status>
</kw>
<status status="PASS" starttime="20210416 14:34:15.815" endtime="20210416 14:34:47.677"></status>
</kw>
<kw name="Get generic table data" library="FrontOfficeApp">
<kw name="Get total tables statistics and validate" library="IntegrationTest">
<kw name="Get Element Count" library="SeleniumLibrary">
<doc>Returns the number of elements matching ``locator``.</doc>
<arguments>
<arg>${log_button_locator}</arg>
</arguments>
<assign>
<var>${total_tables}</var>
</assign>
<msg timestamp="20210416 14:34:47.700" level="INFO">${total_tables} = 14</msg>
<status status="PASS" starttime="20210416 14:34:47.678" endtime="20210416 14:34:47.700"></status>
</kw>
<status status="PASS" starttime="20210416 14:34:47.678" endtime="20210416 14:34:47.700"></status>
</kw>
<status status="PASS" starttime="20210416 14:34:47.677" endtime="20210416 14:34:47.700"></status>
</kw>
<kw name="Loop inside logs button" library="FrontOfficeApp">
<kw name="Enter each logs button" library="IntegrationTest">
<kw name="Get WebElements" library="SeleniumLibrary">
<doc>Returns a list of WebElement objects matching the ``locator``.</doc>
<arguments>
<arg>${log_button_locator}</arg>
</arguments>
<assign>
<var>@{Log_buttons}</var>
</assign>
<msg timestamp="20210416 14:34:47.715" level="INFO">@{Log_buttons} = [ &lt;selenium.webdriver.remote.webelement.WebElement (session="6283b6913d2c285d0788fc3360144426", element="9bb44cb2-9dfd-4f56-a97c-d16c4c88a052")&gt; | &lt;selenium.webdriver.remote.webelement.WebElement (ses...</msg>
<status status="PASS" starttime="20210416 14:34:47.702" endtime="20210416 14:34:47.715"></status>
</kw>
<kw name="${log_button} IN [ @{Log_buttons} ]" type="for">
<kw name="${log_button} = &lt;selenium.webdriver.remote.webelement.WebElement (session=&quot;6283b6913d2c285d0788fc3360144426&quot;, element=&quot;9bb44cb2-9dfd-4f56-a97c-d16c4c88a052&quot;)&gt;" type="foritem">
<kw name="Log" library="BuiltIn">
<doc>Logs the given message with the given level.</doc>
<arguments>
<arg>${log_button}</arg>
</arguments>
<msg timestamp="20210416 14:34:47.716" level="INFO">&lt;selenium.webdriver.remote.webelement.WebElement (session="6283b6913d2c285d0788fc3360144426", element="9bb44cb2-9dfd-4f56-a97c-d16c4c88a052")&gt;</msg>
<status status="PASS" starttime="20210416 14:34:47.716" endtime="20210416 14:34:47.716"></status>
</kw>
<kw name="Click Element" library="SeleniumLibrary">
<doc>Click the element identified by ``locator``.</doc>
<arguments>
<arg>${log_button}</arg>
</arguments>
<msg timestamp="20210416 14:34:47.717" level="INFO">Clicking element '&lt;selenium.webdriver.remote.webelement.WebElement (session="6283b6913d2c285d0788fc3360144426", element="9bb44cb2-9dfd-4f56-a97c-d16c4c88a052")&gt;'.</msg>
<status status="PASS" starttime="20210416 14:34:47.716" endtime="20210416 14:34:48.049"></status>
</kw>
<kw name="Sleep" library="BuiltIn">
<doc>Pauses the test executed for the given time.</doc>
<arguments>
<arg>10s</arg>
</arguments>
<msg timestamp="20210416 14:34:58.053" level="INFO">Slept 10 seconds</msg>
<status status="PASS" starttime="20210416 14:34:48.049" endtime="20210416 14:34:58.053"></status>
</kw>
<kw name="Get Text" library="SeleniumLibrary">
<doc>Returns the text value of the element identified by ``locator``.</doc>
<arguments>
<arg>${table_title_locator}</arg>
</arguments>
<assign>
<var>${table_title}</var>
</assign>
<kw name="Capture Page Screenshot" library="SeleniumLibrary">
<doc>Takes a screenshot of the current page and embeds it into a log file.</doc>
<msg timestamp="20210416 14:34:58.416" level="INFO" html="yes">&lt;/td&gt;&lt;/tr&gt;&lt;tr&gt;&lt;td colspan="3"&gt;&lt;a href="selenium-screenshot-103.png"&gt;&lt;img src="selenium-screenshot-103.png" width="800px"&gt;&lt;/a&gt;</msg>
<status status="PASS" starttime="20210416 14:34:58.075" endtime="20210416 14:34:58.416"></status>
</kw>
<msg timestamp="20210416 14:34:58.426" level="FAIL">Element with locator '//div[contains(@class, "table-title")]' not found.</msg>
<status status="FAIL" starttime="20210416 14:34:58.053" endtime="20210416 14:34:58.426"></status>
</kw>
<status status="FAIL" starttime="20210416 14:34:47.715" endtime="20210416 14:34:58.426"></status>
</kw>
<status status="FAIL" starttime="20210416 14:34:47.715" endtime="20210416 14:34:58.426"></status>
</kw>
<status status="FAIL" starttime="20210416 14:34:47.702" endtime="20210416 14:34:58.427"></status>
</kw>
<status status="FAIL" starttime="20210416 14:34:47.701" endtime="20210416 14:34:58.427"></status>
</kw>
<kw name="End Web Test" library="CommonWeb" type="teardown">
<kw name="Close All Browsers" library="SeleniumLibrary">
<doc>Closes all open browsers and resets the browser cache.</doc>
<status status="PASS" starttime="20210416 14:34:58.428" endtime="20210416 14:35:01.198"></status>
</kw>
<status status="PASS" starttime="20210416 14:34:58.428" endtime="20210416 14:35:01.198"></status>
</kw>
<doc>This is test 1</doc>
<tags>
<tag>test1</tag>
</tags>
<status status="FAIL" starttime="20210416 14:33:44.232" endtime="20210416 14:35:01.199" critical="yes">Element with locator '//div[contains(@class, "table-title")]' not found.</status>
</test>
<test id="s1-t2" name=" #">
<doc>This is test 2</doc>
<status status="FAIL" starttime="20210416 14:35:01.201" endtime="20210416 14:35:01.202" critical="yes">Test case contains no keywords.</status>
</test>
<doc>Testing the Integrations</doc>
<status status="FAIL" starttime="20210416 14:33:43.589" endtime="20210416 14:35:01.204"></status>
</suite>
<statistics>
<total>
<stat pass="0" fail="2">Critical Tests</stat>
<stat pass="0" fail="2">All Tests</stat>
</total>
<tag>
<stat pass="0" fail="1">test1</stat>
</tag>
<suite>
<stat pass="0" fail="2" id="s1" name="Front Office">Front Office</stat>
</suite>
</statistics>
<errors>
</errors>
</robot>
